<?xml version="1.0" encoding="UTF-8"?>
<!-- Generated by org.testng.reporters.JUnitReportReporter -->
<testsuite hostname="LAPTOP-JMC3F72L" failures="0" tests="1" name="testCases.TC001_AccountRegistrationTest" time="8.304" errors="0" timestamp="2025-10-29T17:46:23 IST" skipped="0">
  <testcase classname="testCases.TC001_AccountRegistrationTest" name="verify_account_registration" time="8.304"/>
</testsuite> <!-- testCases.TC001_AccountRegistrationTest -->
