<?xml version="1.0" encoding="UTF-8"?>
<!-- Generated by org.testng.reporters.JUnitReportReporter -->
<testsuite hostname="LAPTOP-JMC3F72L" failures="0" tests="1" name="testCases.TC002_LoginTest" time="2.928" errors="0" timestamp="2025-10-29T17:49:24 IST" skipped="0">
  <testcase classname="testCases.TC002_LoginTest" name="verifyLogin" time="2.928"/>
</testsuite> <!-- testCases.TC002_LoginTest -->
